<?xml version="1.0" encoding="UTF-8"?>
<!-- Generated by org.testng.reporters.JUnitXMLReporter -->
<testsuite ignored="2" hostname="Krishna" failures="0" tests="1" name="Default test" time="1.854" errors="0" timestamp="2025-06-19T21:45:58 IST">
  <testcase classname="tests.PutPatchDeleteExample" name="putTest" time="1.818"/>
  <testcase classname="tests.PutPatchDeleteExample" name="patchTest" time="0.0">
    <ignored/>
  </testcase> <!-- patchTest -->
  <testcase classname="tests.PutPatchDeleteExample" name="deleteTest" time="0.0">
    <ignored/>
  </testcase> <!-- deleteTest -->
</testsuite> <!-- Default test -->
