<?xml version="1.0" encoding="UTF-8"?>
<testng-results ignored="2" total="3" passed="1" failed="0" skipped="0">
  <reporter-output>
  </reporter-output>
  <suite started-at="2025-06-19T21:45:57 IST" name="Default suite" finished-at="2025-06-19T21:45:58 IST" duration-ms="1854">
    <groups>
    </groups>
    <test started-at="2025-06-19T21:45:57 IST" name="Default test" finished-at="2025-06-19T21:45:58 IST" duration-ms="1854">
      <class name="tests.PutPatchDeleteExample">
        <test-method signature="putTest()[pri:0, instance:tests.PutPatchDeleteExample@53f48368]" started-at="2025-06-19T21:45:57 IST" name="putTest" finished-at="2025-06-19T21:45:58 IST" duration-ms="1818" status="PASS">
          <reporter-output>
          </reporter-output>
        </test-method> <!-- putTest -->
      </class> <!-- tests.PutPatchDeleteExample -->
    </test> <!-- Default test -->
  </suite> <!-- Default suite -->
</testng-results>
