<?xml version="1.0" encoding="UTF-8"?>
<testng-results ignored="0" total="1" passed="1" failed="0" skipped="0">
  <reporter-output>
  </reporter-output>
  <suite started-at="2025-06-19T20:31:52 IST" name="Default suite" finished-at="2025-06-19T20:31:55 IST" duration-ms="2413">
    <groups>
    </groups>
    <test started-at="2025-06-19T20:31:52 IST" name="Default test" finished-at="2025-06-19T20:31:55 IST" duration-ms="2413">
      <class name="tests.GetAndPostExamples">
        <test-method signature="testPost()[pri:0, instance:tests.GetAndPostExamples@5b1669c0]" started-at="2025-06-19T20:31:52 IST" name="testPost" finished-at="2025-06-19T20:31:55 IST" duration-ms="2343" status="PASS">
          <reporter-output>
          </reporter-output>
        </test-method> <!-- testPost -->
      </class> <!-- tests.GetAndPostExamples -->
    </test> <!-- Default test -->
  </suite> <!-- Default suite -->
</testng-results>
